<?xml version="1.0" encoding="UTF-8"?>
<!-- Generated by org.testng.reporters.JUnitReportReporter -->
<testsuite hostname="DESKTOP-ADC0TJP" failures="0" tests="1" name="tests.LoginClass" time="3.222" errors="0" timestamp="2023-09-29T20:53:30 IST" skipped="0">
  <testcase classname="tests.LoginClass" name="test" time="3.222"/>
  <system-out/>
</testsuite> <!-- tests.LoginClass -->
