<?xml version="1.0" encoding="UTF-8"?>
<!-- Generated by org.testng.reporters.JUnitReportReporter -->
<testsuite hostname="DESKTOP-ADC0TJP" failures="0" tests="9" name="tests.VerifyForgottenPasswordPage" time="116.416" errors="0" timestamp="2023-10-16T18:54:50 IST" skipped="0">
  <testcase classname="tests.VerifyForgottenPasswordPage" name="verifyForgottenPasswordPageTitleMessage" time="11.329"/>
  <system-out/>
  <testcase classname="tests.VerifyForgottenPasswordPage" name="verifyForgottenPasswordPageTitleMessage" time="8.162"/>
  <system-out/>
  <testcase classname="tests.VerifyForgottenPasswordPage" name="verifyForgottenPasswordPageTitleMessage" time="6.568"/>
  <system-out/>
  <testcase classname="tests.VerifyForgottenPasswordPage" name="verifyCancelButton" time="12.272"/>
  <system-out/>
  <testcase classname="tests.VerifyForgottenPasswordPage" name="verifyCancelButton" time="16.099"/>
  <system-out/>
  <testcase classname="tests.VerifyForgottenPasswordPage" name="verifyCancelButton" time="27.817"/>
  <system-out/>
  <testcase classname="tests.VerifyForgottenPasswordPage" name="verifySearcButton" time="10.220"/>
  <system-out/>
  <testcase classname="tests.VerifyForgottenPasswordPage" name="verifySearcButton" time="12.549"/>
  <system-out/>
  <testcase classname="tests.VerifyForgottenPasswordPage" name="verifySearcButton" time="11.400"/>
  <system-out/>
</testsuite> <!-- tests.VerifyForgottenPasswordPage -->
