<?xml version="1.0" encoding="UTF-8"?>
<!-- Generated by org.testng.reporters.JUnitReportReporter -->
<testsuite hostname="DESKTOP-ADC0TJP" failures="0" tests="9" name="tests.VerifyForgottenPasswordPage" time="130.082" errors="0" timestamp="2023-10-28T15:54:29 IST" skipped="0">
  <testcase classname="tests.VerifyForgottenPasswordPage" name="verifyForgottenPasswordPageTitleMessage" time="7.898"/>
  <system-out/>
  <testcase classname="tests.VerifyForgottenPasswordPage" name="verifyForgottenPasswordPageTitleMessage" time="10.563"/>
  <system-out/>
  <testcase classname="tests.VerifyForgottenPasswordPage" name="verifyForgottenPasswordPageTitleMessage" time="9.289"/>
  <system-out/>
  <testcase classname="tests.VerifyForgottenPasswordPage" name="verifyCancelButton" time="13.349"/>
  <system-out/>
  <testcase classname="tests.VerifyForgottenPasswordPage" name="verifyCancelButton" time="12.858"/>
  <system-out/>
  <testcase classname="tests.VerifyForgottenPasswordPage" name="verifyCancelButton" time="14.983"/>
  <system-out/>
  <testcase classname="tests.VerifyForgottenPasswordPage" name="verifySearcButton" time="29.452"/>
  <system-out/>
  <testcase classname="tests.VerifyForgottenPasswordPage" name="verifySearcButton" time="12.386"/>
  <system-out/>
  <testcase classname="tests.VerifyForgottenPasswordPage" name="verifySearcButton" time="19.304"/>
  <system-out/>
</testsuite> <!-- tests.VerifyForgottenPasswordPage -->
